{"uuid":"fde6b41b-17e0-41a0-ad1f-270fa0133fa2","historyId":"616148f91581e1f959e3d96d6ac083db","fullName":"Add new Batch: Check for error messages for invalid fields","labels":[{"name":"host","value":"guest"},{"name":"thread","value":"66204@guest.main(1)"},{"name":"feature","value":"Add new Batch"},{"name":"story","value":"Check for error messages for invalid fields"},{"name":"suite","value":"Add new Batch"},{"name":"testClass","value":"Check for error messages for invalid fields"},{"name":"framework","value":"cucumber4jvm"},{"name":"language","value":"java"},{"name":"gherkin_uri","value":"file:///C:/Users/Ashrith/eclipse-workspace1/Team15_UIUnicorns_LMS_Selenium_Hackathon/./src/test/resources/Features/5_2_Batch_AddNewBatch.feature"},{"name":"package","value":"src.test.resources.Features.5_2_Batch_AddNewBatch_feature.Add new Batch"}],"links":[],"name":"Check for error messages for invalid fields","status":"broken","statusDetails":{"known":false,"muted":false,"flaky":false,"message":"no such element: Unable to locate element: {\"method\":\"xpath\",\"selector\":\"//a[text()='batch']\"}\n  (Session info: chrome=109.0.5414.149)\nFor documentation on this error, please visit: https://selenium.dev/exceptions/#no_such_element\nBuild info: version: '4.8.1', revision: '8ebccac989'\nSystem info: os.name: 'Windows 8.1', os.arch: 'amd64', os.version: '6.3', java.version: '20.0.1'\nDriver info: org.openqa.selenium.chrome.ChromeDriver\nCommand: [58d96679f891714a493e94cfaa488ae1, findElement {using=xpath, value=//a[text()='batch']}]\nCapabilities {acceptInsecureCerts: false, browserName: chrome, browserVersion: 109.0.5414.149, chrome: {chromedriverVersion: 109.0.5414.74 (e7c5703604da..., userDataDir: C:\\Users\\Ashrith\\AppData\\Lo...}, goog:chromeOptions: {debuggerAddress: localhost:62527}, networkConnectionEnabled: false, pageLoadStrategy: normal, platformName: WINDOWS, proxy: Proxy(), se:cdp: ws://localhost:62527/devtoo..., se:cdpVersion: 109.0.5414.149, setWindowRect: true, strictFileInteractability: false, timeouts: {implicit: 0, pageLoad: 300000, script: 30000}, unhandledPromptBehavior: dismiss and notify, webauthn:extension:credBlob: true, webauthn:extension:largeBlob: true, webauthn:virtualAuthenticators: true}\nSession ID: 58d96679f891714a493e94cfaa488ae1","trace":"org.openqa.selenium.NoSuchElementException: no such element: Unable to locate element: {\"method\":\"xpath\",\"selector\":\"//a[text()='batch']\"}\n  (Session info: chrome=109.0.5414.149)\nFor documentation on this error, please visit: https://selenium.dev/exceptions/#no_such_element\nBuild info: version: '4.8.1', revision: '8ebccac989'\nSystem info: os.name: 'Windows 8.1', os.arch: 'amd64', os.version: '6.3', java.version: '20.0.1'\nDriver info: org.openqa.selenium.chrome.ChromeDriver\nCommand: [58d96679f891714a493e94cfaa488ae1, findElement {using=xpath, value=//a[text()='batch']}]\nCapabilities {acceptInsecureCerts: false, browserName: chrome, browserVersion: 109.0.5414.149, chrome: {chromedriverVersion: 109.0.5414.74 (e7c5703604da..., userDataDir: C:\\Users\\Ashrith\\AppData\\Lo...}, goog:chromeOptions: {debuggerAddress: localhost:62527}, networkConnectionEnabled: false, pageLoadStrategy: normal, platformName: WINDOWS, proxy: Proxy(), se:cdp: ws://localhost:62527/devtoo..., se:cdpVersion: 109.0.5414.149, setWindowRect: true, strictFileInteractability: false, timeouts: {implicit: 0, pageLoad: 300000, script: 30000}, unhandledPromptBehavior: dismiss and notify, webauthn:extension:credBlob: true, webauthn:extension:largeBlob: true, webauthn:virtualAuthenticators: true}\nSession ID: 58d96679f891714a493e94cfaa488ae1\r\n\tat java.base/jdk.internal.reflect.DirectConstructorHandleAccessor.newInstance(DirectConstructorHandleAccessor.java:67)\r\n\tat java.base/java.lang.reflect.Constructor.newInstanceWithCaller(Constructor.java:500)\r\n\tat java.base/java.lang.reflect.Constructor.newInstance(Constructor.java:484)\r\n\tat org.openqa.selenium.remote.codec.w3c.W3CHttpResponseCodec.createException(W3CHttpResponseCodec.java:200)\r\n\tat org.openqa.selenium.remote.codec.w3c.W3CHttpResponseCodec.decode(W3CHttpResponseCodec.java:133)\r\n\tat org.openqa.selenium.remote.codec.w3c.W3CHttpResponseCodec.decode(W3CHttpResponseCodec.java:53)\r\n\tat org.openqa.selenium.remote.HttpCommandExecutor.execute(HttpCommandExecutor.java:184)\r\n\tat org.openqa.selenium.remote.service.DriverCommandExecutor.invokeExecute(DriverCommandExecutor.java:167)\r\n\tat org.openqa.selenium.remote.service.DriverCommandExecutor.execute(DriverCommandExecutor.java:142)\r\n\tat org.openqa.selenium.remote.RemoteWebDriver.execute(RemoteWebDriver.java:543)\r\n\tat org.openqa.selenium.remote.ElementLocation$ElementFinder$2.findElement(ElementLocation.java:162)\r\n\tat org.openqa.selenium.remote.ElementLocation.findElement(ElementLocation.java:60)\r\n\tat org.openqa.selenium.remote.RemoteWebDriver.findElement(RemoteWebDriver.java:352)\r\n\tat org.openqa.selenium.remote.RemoteWebDriver.findElement(RemoteWebDriver.java:344)\r\n\tat org.openqa.selenium.support.pagefactory.DefaultElementLocator.findElement(DefaultElementLocator.java:70)\r\n\tat org.openqa.selenium.support.pagefactory.internal.LocatingElementHandler.invoke(LocatingElementHandler.java:39)\r\n\tat jdk.proxy2/jdk.proxy2.$Proxy40.click(Unknown Source)\r\n\tat com.PageObjects.Batch_BatchPageValidation_PageObj.batchClick(Batch_BatchPageValidation_PageObj.java:65)\r\n\tat com.StepDefinitions.Batch_DeleteMultipleBatches_StepDef.admin_clicks_from_navigation_bar(Batch_DeleteMultipleBatches_StepDef.java:21)\r\n\tat ✽.Admin clicks \"Batch\" from navigation bar(file:///C:/Users/Ashrith/eclipse-workspace1/Team15_UIUnicorns_LMS_Selenium_Hackathon/./src/test/resources/Features/5_2_Batch_AddNewBatch.feature:24)\r\n"},"stage":"finished","steps":[{"name":"Given  Logged on the LMS portal.Admin is on dashboard page after Login","status":"passed","statusDetails":{"known":false,"muted":false,"flaky":false},"stage":"finished","steps":[],"attachments":[],"parameters":[],"start":1694727917157,"stop":1694727917392},{"name":"When  Admin clicks \"Batch\" from navigation bar","status":"broken","statusDetails":{"known":false,"muted":false,"flaky":false,"message":"no such element: Unable to locate element: {\"method\":\"xpath\",\"selector\":\"//a[text()='batch']\"}\n  (Session info: chrome=109.0.5414.149)\nFor documentation on this error, please visit: https://selenium.dev/exceptions/#no_such_element\nBuild info: version: '4.8.1', revision: '8ebccac989'\nSystem info: os.name: 'Windows 8.1', os.arch: 'amd64', os.version: '6.3', java.version: '20.0.1'\nDriver info: org.openqa.selenium.chrome.ChromeDriver\nCommand: [58d96679f891714a493e94cfaa488ae1, findElement {using=xpath, value=//a[text()='batch']}]\nCapabilities {acceptInsecureCerts: false, browserName: chrome, browserVersion: 109.0.5414.149, chrome: {chromedriverVersion: 109.0.5414.74 (e7c5703604da..., userDataDir: C:\\Users\\Ashrith\\AppData\\Lo...}, goog:chromeOptions: {debuggerAddress: localhost:62527}, networkConnectionEnabled: false, pageLoadStrategy: normal, platformName: WINDOWS, proxy: Proxy(), se:cdp: ws://localhost:62527/devtoo..., se:cdpVersion: 109.0.5414.149, setWindowRect: true, strictFileInteractability: false, timeouts: {implicit: 0, pageLoad: 300000, script: 30000}, unhandledPromptBehavior: dismiss and notify, webauthn:extension:credBlob: true, webauthn:extension:largeBlob: true, webauthn:virtualAuthenticators: true}\nSession ID: 58d96679f891714a493e94cfaa488ae1","trace":"org.openqa.selenium.NoSuchElementException: no such element: Unable to locate element: {\"method\":\"xpath\",\"selector\":\"//a[text()='batch']\"}\n  (Session info: chrome=109.0.5414.149)\nFor documentation on this error, please visit: https://selenium.dev/exceptions/#no_such_element\nBuild info: version: '4.8.1', revision: '8ebccac989'\nSystem info: os.name: 'Windows 8.1', os.arch: 'amd64', os.version: '6.3', java.version: '20.0.1'\nDriver info: org.openqa.selenium.chrome.ChromeDriver\nCommand: [58d96679f891714a493e94cfaa488ae1, findElement {using=xpath, value=//a[text()='batch']}]\nCapabilities {acceptInsecureCerts: false, browserName: chrome, browserVersion: 109.0.5414.149, chrome: {chromedriverVersion: 109.0.5414.74 (e7c5703604da..., userDataDir: C:\\Users\\Ashrith\\AppData\\Lo...}, goog:chromeOptions: {debuggerAddress: localhost:62527}, networkConnectionEnabled: false, pageLoadStrategy: normal, platformName: WINDOWS, proxy: Proxy(), se:cdp: ws://localhost:62527/devtoo..., se:cdpVersion: 109.0.5414.149, setWindowRect: true, strictFileInteractability: false, timeouts: {implicit: 0, pageLoad: 300000, script: 30000}, unhandledPromptBehavior: dismiss and notify, webauthn:extension:credBlob: true, webauthn:extension:largeBlob: true, webauthn:virtualAuthenticators: true}\nSession ID: 58d96679f891714a493e94cfaa488ae1\r\n\tat java.base/jdk.internal.reflect.DirectConstructorHandleAccessor.newInstance(DirectConstructorHandleAccessor.java:67)\r\n\tat java.base/java.lang.reflect.Constructor.newInstanceWithCaller(Constructor.java:500)\r\n\tat java.base/java.lang.reflect.Constructor.newInstance(Constructor.java:484)\r\n\tat org.openqa.selenium.remote.codec.w3c.W3CHttpResponseCodec.createException(W3CHttpResponseCodec.java:200)\r\n\tat org.openqa.selenium.remote.codec.w3c.W3CHttpResponseCodec.decode(W3CHttpResponseCodec.java:133)\r\n\tat org.openqa.selenium.remote.codec.w3c.W3CHttpResponseCodec.decode(W3CHttpResponseCodec.java:53)\r\n\tat org.openqa.selenium.remote.HttpCommandExecutor.execute(HttpCommandExecutor.java:184)\r\n\tat org.openqa.selenium.remote.service.DriverCommandExecutor.invokeExecute(DriverCommandExecutor.java:167)\r\n\tat org.openqa.selenium.remote.service.DriverCommandExecutor.execute(DriverCommandExecutor.java:142)\r\n\tat org.openqa.selenium.remote.RemoteWebDriver.execute(RemoteWebDriver.java:543)\r\n\tat org.openqa.selenium.remote.ElementLocation$ElementFinder$2.findElement(ElementLocation.java:162)\r\n\tat org.openqa.selenium.remote.ElementLocation.findElement(ElementLocation.java:60)\r\n\tat org.openqa.selenium.remote.RemoteWebDriver.findElement(RemoteWebDriver.java:352)\r\n\tat org.openqa.selenium.remote.RemoteWebDriver.findElement(RemoteWebDriver.java:344)\r\n\tat org.openqa.selenium.support.pagefactory.DefaultElementLocator.findElement(DefaultElementLocator.java:70)\r\n\tat org.openqa.selenium.support.pagefactory.internal.LocatingElementHandler.invoke(LocatingElementHandler.java:39)\r\n\tat jdk.proxy2/jdk.proxy2.$Proxy40.click(Unknown Source)\r\n\tat com.PageObjects.Batch_BatchPageValidation_PageObj.batchClick(Batch_BatchPageValidation_PageObj.java:65)\r\n\tat com.StepDefinitions.Batch_DeleteMultipleBatches_StepDef.admin_clicks_from_navigation_bar(Batch_DeleteMultipleBatches_StepDef.java:21)\r\n\tat ✽.Admin clicks \"Batch\" from navigation bar(file:///C:/Users/Ashrith/eclipse-workspace1/Team15_UIUnicorns_LMS_Selenium_Hackathon/./src/test/resources/Features/5_2_Batch_AddNewBatch.feature:24)\r\n"},"stage":"finished","steps":[],"attachments":[],"parameters":[],"start":1694727917393,"stop":1694727919419},{"name":"Then  Admin clicks \"+ A New Batch\" button","status":"skipped","statusDetails":{"known":false,"muted":false,"flaky":false},"stage":"finished","steps":[],"attachments":[],"parameters":[],"start":1694727919646,"stop":1694727919646},{"name":"Given  A new pop up with Batch details appears","status":"skipped","statusDetails":{"known":false,"muted":false,"flaky":false},"stage":"finished","steps":[],"attachments":[],"parameters":[],"start":1694727919646,"stop":1694727919646},{"name":"When  any of the fields have invalid values","status":"skipped","statusDetails":{"known":false,"muted":false,"flaky":false},"stage":"finished","steps":[],"attachments":[],"parameters":[],"start":1694727919647,"stop":1694727919647},{"name":"Then  Error message should appear","status":"skipped","statusDetails":{"known":false,"muted":false,"flaky":false},"stage":"finished","steps":[],"attachments":[],"parameters":[],"start":1694727919647,"stop":1694727919647}],"attachments":[],"parameters":[],"start":1694727917156,"stop":1694727919648}